app/build/outputs/logs/manifest-merger-debug-report.txt
-- Merging decision tree log ---
manifest
ADDED from src\main\AndroidManifest.xml:2:1-23:12
	package
		ADDED from src\main\AndroidManifest.xml:3:5-67
		INJECTED from src\main\AndroidManifest.xml
		INJECTED from src\main\AndroidManifest.xml
	xmlns:android
		ADDED from src\main\AndroidManifest.xml:2:11-69
permission#course.examples.services.loggingservicewithmessenger.PERMISSION
ADDED from src\main\AndroidManifest.xml:5:5-6:18
	android:name
		ADDED from src\main\AndroidManifest.xml:5:17-95
application
ADDED from src\main\AndroidManifest.xml:8:5-21:19
	android:label
		ADDED from src\main\AndroidManifest.xml:11:9-41
	android:allowBackup
		ADDED from src\main\AndroidManifest.xml:9:9-36
	android:icon
		ADDED from src\main\AndroidManifest.xml:10:9-45
service#course.examples.services.loggingservicewithmessenger.LoggingService
ADDED from src\main\AndroidManifest.xml:12:9-20:19
	android:enabled
		ADDED from src\main\AndroidManifest.xml:14:13-35
	android:process
		ADDED from src\main\AndroidManifest.xml:15:13-38
	android:permission
		ADDED from src\main\AndroidManifest.xml:16:13-97
	android:name
		ADDED from src\main\AndroidManifest.xml:13:13-95
intent-filter#course.examples.services.loggingservicewithmessenger.loggingservice_action
ADDED from src\main\AndroidManifest.xml:17:13-19:29
action#course.examples.services.loggingservicewithmessenger.loggingservice_action
ADDED from src\main\AndroidManifest.xml:18:17-117
	android:name
		ADDED from src\main\AndroidManifest.xml:18:25-114
uses-sdk
INJECTED from src\main\AndroidManifest.xml reason: use-sdk injection requested
	android:targetSdkVersion
		INJECTED from src\main\AndroidManifest.xml
		INJECTED from src\main\AndroidManifest.xml
	android:minSdkVersion
		INJECTED from src\main\AndroidManifest.xml
		INJECTED from src\main\AndroidManifest.xml